<?xml version="1.0" encoding="UTF-8"?>
<!-- Generated by org.testng.reporters.JUnitXMLReporter -->
<testsuite ignored="0" hostname="MAYAVI" failures="0" tests="3" name="Default test" time="30.086" errors="0" timestamp="2022-04-01T22:52:48 IST">
  <testcase classname="com.crm.qa.testcases.LoginPageTest" name="loginPageTitleTest" time="0.016"/>
  <testcase classname="com.crm.qa.testcases.LoginPageTest" name="loginPageLogoTest" time="0.068"/>
  <testcase classname="com.crm.qa.testcases.LoginPageTest" name="loginTest" time="0.224"/>
</testsuite> <!-- Default test -->
