<?xml version="1.0" encoding="UTF-8"?>
<testng-results ignored="0" total="3" passed="3" failed="0" skipped="0">
  <reporter-output>
  </reporter-output>
  <suite started-at="2022-04-01T22:52:18 IST" name="Default suite" finished-at="2022-04-01T22:52:48 IST" duration-ms="30086">
    <groups>
    </groups>
    <test started-at="2022-04-01T22:52:18 IST" name="Default test" finished-at="2022-04-01T22:52:48 IST" duration-ms="30086">
      <class name="com.crm.qa.testcases.LoginPageTest">
        <test-method is-config="true" signature="setUp()[pri:0, instance:com.crm.qa.testcases.LoginPageTest@169e6180]" started-at="2022-04-01T22:52:18 IST" name="setUp" finished-at="2022-04-01T22:52:28 IST" duration-ms="10642" status="PASS">
          <reporter-output>
          </reporter-output>
        </test-method> <!-- setUp -->
        <test-method signature="loginPageTitleTest()[pri:1, instance:com.crm.qa.testcases.LoginPageTest@169e6180]" started-at="2022-04-01T22:52:28 IST" name="loginPageTitleTest" finished-at="2022-04-01T22:52:28 IST" duration-ms="16" status="PASS">
          <reporter-output>
          </reporter-output>
        </test-method> <!-- loginPageTitleTest -->
        <test-method is-config="true" signature="tearDown()[pri:0, instance:com.crm.qa.testcases.LoginPageTest@169e6180]" started-at="2022-04-01T22:52:28 IST" name="tearDown" finished-at="2022-04-01T22:52:29 IST" duration-ms="680" status="PASS">
          <reporter-output>
          </reporter-output>
        </test-method> <!-- tearDown -->
        <test-method is-config="true" signature="setUp()[pri:0, instance:com.crm.qa.testcases.LoginPageTest@169e6180]" started-at="2022-04-01T22:52:29 IST" name="setUp" finished-at="2022-04-01T22:52:38 IST" duration-ms="8774" status="PASS">
          <reporter-output>
          </reporter-output>
        </test-method> <!-- setUp -->
        <test-method signature="loginPageLogoTest()[pri:2, instance:com.crm.qa.testcases.LoginPageTest@169e6180]" started-at="2022-04-01T22:52:38 IST" name="loginPageLogoTest" finished-at="2022-04-01T22:52:38 IST" duration-ms="68" status="PASS">
          <reporter-output>
          </reporter-output>
        </test-method> <!-- loginPageLogoTest -->
        <test-method is-config="true" signature="tearDown()[pri:0, instance:com.crm.qa.testcases.LoginPageTest@169e6180]" started-at="2022-04-01T22:52:38 IST" name="tearDown" finished-at="2022-04-01T22:52:39 IST" duration-ms="701" status="PASS">
          <reporter-output>
          </reporter-output>
        </test-method> <!-- tearDown -->
        <test-method is-config="true" signature="setUp()[pri:0, instance:com.crm.qa.testcases.LoginPageTest@169e6180]" started-at="2022-04-01T22:52:39 IST" name="setUp" finished-at="2022-04-01T22:52:47 IST" duration-ms="8203" status="PASS">
          <reporter-output>
          </reporter-output>
        </test-method> <!-- setUp -->
        <test-method signature="loginTest()[pri:3, instance:com.crm.qa.testcases.LoginPageTest@169e6180]" started-at="2022-04-01T22:52:47 IST" name="loginTest" finished-at="2022-04-01T22:52:47 IST" duration-ms="224" status="PASS">
          <reporter-output>
          </reporter-output>
        </test-method> <!-- loginTest -->
        <test-method is-config="true" signature="tearDown()[pri:0, instance:com.crm.qa.testcases.LoginPageTest@169e6180]" started-at="2022-04-01T22:52:47 IST" name="tearDown" finished-at="2022-04-01T22:52:48 IST" duration-ms="693" status="PASS">
          <reporter-output>
          </reporter-output>
        </test-method> <!-- tearDown -->
      </class> <!-- com.crm.qa.testcases.LoginPageTest -->
    </test> <!-- Default test -->
  </suite> <!-- Default suite -->
</testng-results>
